C:\USERS\BRIDGAR\DOCUMENTS\0 AD PLUGGABLE\0-AD-PLUGGABLE-TRANSPORT\0AD PROCESSOR\0AD PROCESSOR\DEBUG\0AD PROCESSOR.PCH
C:\USERS\BRIDGAR\DOCUMENTS\0 AD PLUGGABLE\0-AD-PLUGGABLE-TRANSPORT\0AD PROCESSOR\0AD PROCESSOR\DEBUG\STDAFX.OBJ
C:\USERS\BRIDGAR\DOCUMENTS\0 AD PLUGGABLE\0-AD-PLUGGABLE-TRANSPORT\0AD PROCESSOR\0AD PROCESSOR\DEBUG\VC110.PDB
C:\USERS\BRIDGAR\DOCUMENTS\0 AD PLUGGABLE\0-AD-PLUGGABLE-TRANSPORT\0AD PROCESSOR\0AD PROCESSOR\DEBUG\0AD PROCESSOR.OBJ
C:\USERS\BRIDGAR\DOCUMENTS\0 AD PLUGGABLE\0-AD-PLUGGABLE-TRANSPORT\0AD PROCESSOR\0AD PROCESSOR\DEBUG\AHKHANDLER.OBJ
C:\USERS\BRIDGAR\DOCUMENTS\0 AD PLUGGABLE\0-AD-PLUGGABLE-TRANSPORT\0AD PROCESSOR\0AD PROCESSOR\DEBUG\FILEMANAGER.OBJ
C:\USERS\BRIDGAR\DOCUMENTS\0 AD PLUGGABLE\0-AD-PLUGGABLE-TRANSPORT\0AD PROCESSOR\0AD PROCESSOR\DEBUG\OFFLINEFILEHANDLING.OBJ
C:\USERS\BRIDGAR\DOCUMENTS\0 AD PLUGGABLE\0-AD-PLUGGABLE-TRANSPORT\0AD PROCESSOR\DEBUG\0AD PROCESSOR.ILK
C:\USERS\BRIDGAR\DOCUMENTS\0 AD PLUGGABLE\0-AD-PLUGGABLE-TRANSPORT\0AD PROCESSOR\DEBUG\0AD PROCESSOR.EXE
C:\USERS\BRIDGAR\DOCUMENTS\0 AD PLUGGABLE\0-AD-PLUGGABLE-TRANSPORT\0AD PROCESSOR\DEBUG\0AD PROCESSOR.PDB
C:\Users\Bridgar\Documents\0 ad pluggable\0-ad-pluggable-transport\0ad processor\0ad processor\Debug\0ad processor.obj
C:\Users\Bridgar\Documents\0 ad pluggable\0-ad-pluggable-transport\0ad processor\0ad processor\Debug\AHKHandler.obj
C:\Users\Bridgar\Documents\0 ad pluggable\0-ad-pluggable-transport\0ad processor\0ad processor\Debug\FileManager.obj
C:\Users\Bridgar\Documents\0 ad pluggable\0-ad-pluggable-transport\0ad processor\0ad processor\Debug\OfflineFileHandling.obj
C:\Users\Bridgar\Documents\0 ad pluggable\0-ad-pluggable-transport\0ad processor\0ad processor\Debug\stdafx.obj
C:\Users\Bridgar\Documents\0 ad pluggable\0-ad-pluggable-transport\0ad processor\0ad processor\Debug\cl.command.1.tlog
C:\Users\Bridgar\Documents\0 ad pluggable\0-ad-pluggable-transport\0ad processor\0ad processor\Debug\CL.read.1.tlog
C:\Users\Bridgar\Documents\0 ad pluggable\0-ad-pluggable-transport\0ad processor\0ad processor\Debug\CL.write.1.tlog
C:\Users\Bridgar\Documents\0 ad pluggable\0-ad-pluggable-transport\0ad processor\0ad processor\Debug\link-cvtres.read.1.tlog
C:\Users\Bridgar\Documents\0 ad pluggable\0-ad-pluggable-transport\0ad processor\0ad processor\Debug\link-cvtres.write.1.tlog
C:\Users\Bridgar\Documents\0 ad pluggable\0-ad-pluggable-transport\0ad processor\0ad processor\Debug\link-rc.read.1.tlog
C:\Users\Bridgar\Documents\0 ad pluggable\0-ad-pluggable-transport\0ad processor\0ad processor\Debug\link-rc.write.1.tlog
C:\Users\Bridgar\Documents\0 ad pluggable\0-ad-pluggable-transport\0ad processor\0ad processor\Debug\link.command.1.tlog
C:\Users\Bridgar\Documents\0 ad pluggable\0-ad-pluggable-transport\0ad processor\0ad processor\Debug\link.read.1.tlog
C:\Users\Bridgar\Documents\0 ad pluggable\0-ad-pluggable-transport\0ad processor\0ad processor\Debug\link.write.1.tlog
C:\Users\Bridgar\Documents\0 ad pluggable\0-ad-pluggable-transport\0ad processor\0ad processor\Debug\0ad processor.pch
C:\Users\Bridgar\Documents\0 ad pluggable\0-ad-pluggable-transport\0ad processor\0ad processor\Debug\vc110.idb
C:\Users\Bridgar\Documents\0 ad pluggable\0-ad-pluggable-transport\0ad processor\0ad processor\Debug\vc110.pdb
C:\Users\Bridgar\Documents\0 ad pluggable\0-ad-pluggable-transport\0ad processor\Debug\0ad processor.pdb
C:\Users\Bridgar\Documents\0 ad pluggable\0-ad-pluggable-transport\0ad processor\Debug\0ad processor.exe
C:\Users\Bridgar\Documents\0 ad pluggable\0-ad-pluggable-transport\0ad processor\Debug\0ad processor.ilk
