Build started 5/5/2015 11:04:22 PM.
     1>Project "C:\Users\Bridgar\Documents\GitHub\Castle-Pluggable-Transport\0adProcessor\src\0ad processor\0ad processor\0ad processor.vcxproj" on node 2 (Build target(s)).
     1>ClCompile:
         C:\Program Files (x86)\Microsoft Visual Studio 11.0\VC\bin\CL.exe /c /ZI /nologo /W3 /WX- /sdl /Od /Oy- /D WIN32 /D _DEBUG /D _CONSOLE /D _SCL_SECURE_NO_WARNINGS /D _UNICODE /D UNICODE /Gm /EHsc /RTC1 /MDd /GS /fp:precise /Zc:wchar_t /Zc:forScope /Yc"stdafx.h" /Fp"Debug\0ad processor.pch" /Fo"Debug\\" /Fd"Debug\vc110.pdb" /Gd /TP /analyze- /errorReport:prompt stdafx.cpp
         stdafx.cpp
         C:\Program Files (x86)\Microsoft Visual Studio 11.0\VC\bin\CL.exe /c /ZI /nologo /W3 /WX- /sdl /Od /Oy- /D WIN32 /D _DEBUG /D _CONSOLE /D _SCL_SECURE_NO_WARNINGS /D _UNICODE /D UNICODE /Gm /EHsc /RTC1 /MDd /GS /fp:precise /Zc:wchar_t /Zc:forScope /Yu"stdafx.h" /Fp"Debug\0ad processor.pch" /Fo"Debug\\" /Fd"Debug\vc110.pdb" /Gd /TP /analyze- /errorReport:prompt "0ad processor.cpp" AHKHandler.cpp FileManager.cpp OfflineFileHandling.cpp
         OfflineFileHandling.cpp
         FileManager.cpp
     1>c:\users\bridgar\documents\github\castle-pluggable-transport\0adprocessor\src\0ad processor\0ad processor\filemanager.cpp(93): warning C4018: '<' : signed/unsigned mismatch
     1>c:\users\bridgar\documents\github\castle-pluggable-transport\0adprocessor\src\0ad processor\0ad processor\filemanager.cpp(101): warning C4018: '<' : signed/unsigned mismatch
     1>c:\users\bridgar\documents\github\castle-pluggable-transport\0adprocessor\src\0ad processor\0ad processor\filemanager.cpp(108): warning C4018: '<' : signed/unsigned mismatch
     1>c:\users\bridgar\documents\github\castle-pluggable-transport\0adprocessor\src\0ad processor\0ad processor\filemanager.cpp(122): warning C4018: '<' : signed/unsigned mismatch
         AHKHandler.cpp
     1>c:\users\bridgar\documents\github\castle-pluggable-transport\0adprocessor\src\0ad processor\0ad processor\ahkhandler.cpp(28): warning C4244: 'initializing' : conversion from 'double' to 'int', possible loss of data
     1>c:\users\bridgar\documents\github\castle-pluggable-transport\0adprocessor\src\0ad processor\0ad processor\ahkhandler.cpp(30): warning C4244: 'initializing' : conversion from 'double' to 'int', possible loss of data
     1>c:\users\bridgar\documents\github\castle-pluggable-transport\0adprocessor\src\0ad processor\0ad processor\ahkhandler.cpp(33): warning C4244: '=' : conversion from 'double' to 'int', possible loss of data
         0ad processor.cpp
     1>c:\users\bridgar\documents\github\castle-pluggable-transport\0adprocessor\src\0ad processor\0ad processor\0ad processor.cpp(25): warning C4067: unexpected tokens following preprocessor directive - expected a newline
     1>c:\users\bridgar\documents\github\castle-pluggable-transport\0adprocessor\src\0ad processor\0ad processor\0ad processor.cpp(26): warning C4067: unexpected tokens following preprocessor directive - expected a newline
     1>c:\users\bridgar\documents\github\castle-pluggable-transport\0adprocessor\src\0ad processor\0ad processor\0ad processor.cpp(144): warning C4102: 'send_file' : unreferenced label
         Generating Code...
       Link:
         C:\Program Files (x86)\Microsoft Visual Studio 11.0\VC\bin\link.exe /ERRORREPORT:PROMPT /OUT:"C:\Users\Bridgar\Documents\GitHub\Castle-Pluggable-Transport\0adProcessor\src\0ad processor\Debug\0ad processor.exe" /INCREMENTAL /NOLOGO kernel32.lib user32.lib gdi32.lib winspool.lib comdlg32.lib advapi32.lib shell32.lib ole32.lib oleaut32.lib uuid.lib odbc32.lib odbccp32.lib /MANIFEST /MANIFESTUAC:"level='asInvoker' uiAccess='false'" /manifest:embed /DEBUG /PDB:"C:\Users\Bridgar\Documents\GitHub\Castle-Pluggable-Transport\0adProcessor\src\0ad processor\Debug\0ad processor.pdb" /SUBSYSTEM:CONSOLE /TLBID:1 /DYNAMICBASE /NXCOMPAT /IMPLIB:"C:\Users\Bridgar\Documents\GitHub\Castle-Pluggable-Transport\0adProcessor\src\0ad processor\Debug\0ad processor.lib" /MACHINE:X86 mpir.lib "Debug\0ad processor.obj"
         Debug\AHKHandler.obj
         Debug\FileManager.obj
         Debug\OfflineFileHandling.obj
         Debug\stdafx.obj
         0ad processor.vcxproj -> C:\Users\Bridgar\Documents\GitHub\Castle-Pluggable-Transport\0adProcessor\src\0ad processor\Debug\0ad processor.exe
     1>Done Building Project "C:\Users\Bridgar\Documents\GitHub\Castle-Pluggable-Transport\0adProcessor\src\0ad processor\0ad processor\0ad processor.vcxproj" (Build target(s)).

Build succeeded.

Time Elapsed 00:00:05.25
