Build started 4/9/2015 2:24:03 AM.
     1>Project "C:\Users\Bridgar\Documents\0 ad pluggable\0-ad-pluggable-transport\0ad processor\0ad processor\0ad processor.vcxproj" on node 2 (Build target(s)).
     1>ClCompile:
         C:\Program Files (x86)\Microsoft Visual Studio 11.0\VC\bin\CL.exe /c /Zi /nologo /W3 /WX- /sdl /O2 /Oi /Oy- /GL /D WIN32 /D NDEBUG /D _CONSOLE /D _UNICODE /D UNICODE /Gm- /EHsc /MD /GS /Gy /fp:precise /Zc:wchar_t /Zc:forScope /Yc"stdafx.h" /Fp"Release\0ad processor.pch" /Fo"Release\\" /Fd"Release\vc110.pdb" /Gd /TP /analyze- /errorReport:prompt stdafx.cpp
         stdafx.cpp
         C:\Program Files (x86)\Microsoft Visual Studio 11.0\VC\bin\CL.exe /c /Zi /nologo /W3 /WX- /sdl /O2 /Oi /Oy- /GL /D WIN32 /D NDEBUG /D _CONSOLE /D _UNICODE /D UNICODE /Gm- /EHsc /MD /GS /Gy /fp:precise /Zc:wchar_t /Zc:forScope /Yu"stdafx.h" /Fp"Release\0ad processor.pch" /Fo"Release\\" /Fd"Release\vc110.pdb" /Gd /TP /analyze- /errorReport:prompt "0ad processor.cpp" AHKHandler.cpp FileManager.cpp OfflineFileHandling.cpp
         0ad processor.cpp
     1>0ad processor.cpp(9): warning C4067: unexpected tokens following preprocessor directive - expected a newline
     1>0ad processor.cpp(10): warning C4067: unexpected tokens following preprocessor directive - expected a newline
     1>0ad processor.cpp(128): warning C4102: 'send_file' : unreferenced label
         AHKHandler.cpp
     1>AHKHandler.cpp(12): warning C4244: 'initializing' : conversion from 'double' to 'int', possible loss of data
     1>AHKHandler.cpp(14): warning C4244: 'initializing' : conversion from 'double' to 'int', possible loss of data
     1>AHKHandler.cpp(17): warning C4244: '=' : conversion from 'double' to 'int', possible loss of data
         FileManager.cpp
     1>FileManager.cpp(76): warning C4018: '<' : signed/unsigned mismatch
     1>FileManager.cpp(84): warning C4018: '<' : signed/unsigned mismatch
     1>FileManager.cpp(91): warning C4018: '<' : signed/unsigned mismatch
     1>FileManager.cpp(105): warning C4018: '<' : signed/unsigned mismatch
         OfflineFileHandling.cpp
       Link:
         C:\Program Files (x86)\Microsoft Visual Studio 11.0\VC\bin\link.exe /ERRORREPORT:PROMPT /OUT:"C:\Users\Bridgar\Documents\0 ad pluggable\0-ad-pluggable-transport\0ad processor\Release\0ad processor.exe" /INCREMENTAL:NO /NOLOGO kernel32.lib user32.lib gdi32.lib winspool.lib comdlg32.lib advapi32.lib shell32.lib ole32.lib oleaut32.lib uuid.lib odbc32.lib odbccp32.lib /MANIFEST /MANIFESTUAC:"level='asInvoker' uiAccess='false'" /manifest:embed /DEBUG /PDB:"C:\Users\Bridgar\Documents\0 ad pluggable\0-ad-pluggable-transport\0ad processor\Release\0ad processor.pdb" /SUBSYSTEM:CONSOLE /OPT:REF /OPT:ICF /LTCG /TLBID:1 /DYNAMICBASE /NXCOMPAT /IMPLIB:"C:\Users\Bridgar\Documents\0 ad pluggable\0-ad-pluggable-transport\0ad processor\Release\0ad processor.lib" /MACHINE:X86 /SAFESEH "Release\0ad processor.obj"
         Release\AHKHandler.obj
         Release\FileManager.obj
         Release\OfflineFileHandling.obj
         Release\stdafx.obj
         Generating code
         Finished generating code
         0ad processor.vcxproj -> C:\Users\Bridgar\Documents\0 ad pluggable\0-ad-pluggable-transport\0ad processor\Release\0ad processor.exe
     1>Done Building Project "C:\Users\Bridgar\Documents\0 ad pluggable\0-ad-pluggable-transport\0ad processor\0ad processor\0ad processor.vcxproj" (Build target(s)).

Build succeeded.

Time Elapsed 00:00:03.49
